<?xml version="1.0" encoding="UTF-8"?>
<!-- Generated by org.testng.reporters.JUnitReportReporter -->
<testsuite hostname="LAPTOP-BCSM0LU4" failures="0" tests="2" name="com.jbk.testng1.TestNgexample" time="0.003" errors="0" timestamp="2022-02-02T14:26:59 IST" skipped="0">
  <testcase classname="com.jbk.testng1.TestNgexample" name="arithmaticTest_2" time="0.001"/>
  <system-out/>
  <testcase classname="com.jbk.testng1.TestNgexample" name="arithmaticTest_1" time="0.002"/>
  <system-out/>
</testsuite> <!-- com.jbk.testng1.TestNgexample -->
