<?xml version="1.0" encoding="UTF-8"?>
<!-- Generated by org.testng.reporters.JUnitReportReporter -->
<testsuite hostname="LAPTOP-BCSM0LU4" failures="0" tests="3" name="com.jbk.testng.UserFunctionality" time="10.242" errors="0" timestamp="2022-02-02T14:26:59 IST" skipped="0">
  <testcase classname="com.jbk.testng.UserFunctionality" name="CheckCourses" time="2.199"/>
  <system-out/>
  <testcase classname="com.jbk.testng.UserFunctionality" name="AddUser" time="5.392"/>
  <system-out/>
  <testcase classname="com.jbk.testng.UserFunctionality" name="CheckCourseLink" time="2.651"/>
  <system-out/>
</testsuite> <!-- com.jbk.testng.UserFunctionality -->
